INFO: TIME: 2021/06/08 15:35:59 Start ag-server work...
INFO: TIME: 2021/06/08 15:35:59 Модуль управления по характерным старт... 
INFO: TIME: 2021/06/08 15:36:00 makeTable start
DEBUG: TIME: 2021/06/08 15:36:00 tables.go:153: Перекресток 5 1 6 не имеет статистику
DEBUG: TIME: 2021/06/08 15:36:00 tables.go:153: Перекресток 5 1 102 не имеет статистику
DEBUG: TIME: 2021/06/08 15:36:00 tables.go:145: Перекресток 2 1 23 имеет статистику
DEBUG: TIME: 2021/06/08 15:36:00 tables.go:178: Заполнил 2:1:23
DEBUG: TIME: 2021/06/08 15:36:00 tables.go:223: сохранил 2:1:23
DEBUG: TIME: 2021/06/08 15:36:00 tables.go:145: Перекресток 2 1 30 имеет статистику
DEBUG: TIME: 2021/06/08 15:36:00 tables.go:178: Заполнил 2:1:30
DEBUG: TIME: 2021/06/08 15:36:00 tables.go:223: сохранил 2:1:30
DEBUG: TIME: 2021/06/08 15:36:00 tables.go:153: Перекресток 5 1 194 не имеет статистику
DEBUG: TIME: 2021/06/08 15:36:00 tables.go:153: Перекресток 5 1 228 не имеет статистику
DEBUG: TIME: 2021/06/08 15:36:00 tables.go:145: Перекресток 2 1 24 имеет статистику
DEBUG: TIME: 2021/06/08 15:36:00 tables.go:178: Заполнил 2:1:24
DEBUG: TIME: 2021/06/08 15:36:00 tables.go:223: сохранил 2:1:24
DEBUG: TIME: 2021/06/08 15:36:00 tables.go:145: Перекресток 2 1 33 имеет статистику
DEBUG: TIME: 2021/06/08 15:36:00 tables.go:178: Заполнил 2:1:33
DEBUG: TIME: 2021/06/08 15:36:00 tables.go:223: сохранил 2:1:33
DEBUG: TIME: 2021/06/08 15:36:00 tables.go:145: Перекресток 2 1 41 имеет статистику
DEBUG: TIME: 2021/06/08 15:36:00 tables.go:178: Заполнил 2:1:41
DEBUG: TIME: 2021/06/08 15:36:00 tables.go:223: сохранил 2:1:41
DEBUG: TIME: 2021/06/08 15:36:00 tables.go:145: Перекресток 2 1 26 имеет статистику
DEBUG: TIME: 2021/06/08 15:36:00 tables.go:178: Заполнил 2:1:26
DEBUG: TIME: 2021/06/08 15:36:00 tables.go:223: сохранил 2:1:26
DEBUG: TIME: 2021/06/08 15:36:00 tables.go:145: Перекресток 2 1 31 имеет статистику
DEBUG: TIME: 2021/06/08 15:36:00 tables.go:178: Заполнил 2:1:31
DEBUG: TIME: 2021/06/08 15:36:00 tables.go:223: сохранил 2:1:31
DEBUG: TIME: 2021/06/08 15:36:00 tables.go:145: Перекресток 2 1 39 имеет статистику
DEBUG: TIME: 2021/06/08 15:36:00 tables.go:178: Заполнил 2:1:39
DEBUG: TIME: 2021/06/08 15:36:00 tables.go:223: сохранил 2:1:39
DEBUG: TIME: 2021/06/08 15:36:00 tables.go:145: Перекресток 2 1 22 имеет статистику
DEBUG: TIME: 2021/06/08 15:36:00 tables.go:178: Заполнил 2:1:22
DEBUG: TIME: 2021/06/08 15:36:00 tables.go:223: сохранил 2:1:22
DEBUG: TIME: 2021/06/08 15:36:00 tables.go:145: Перекресток 2 1 27 имеет статистику
DEBUG: TIME: 2021/06/08 15:36:00 tables.go:178: Заполнил 2:1:27
DEBUG: TIME: 2021/06/08 15:36:00 tables.go:223: сохранил 2:1:27
DEBUG: TIME: 2021/06/08 15:36:00 tables.go:145: Перекресток 2 1 35 имеет статистику
DEBUG: TIME: 2021/06/08 15:36:00 tables.go:178: Заполнил 2:1:35
DEBUG: TIME: 2021/06/08 15:36:00 tables.go:223: сохранил 2:1:35
DEBUG: TIME: 2021/06/08 15:36:00 tables.go:145: Перекресток 2 1 28 имеет статистику
DEBUG: TIME: 2021/06/08 15:36:00 tables.go:178: Заполнил 2:1:28
DEBUG: TIME: 2021/06/08 15:36:00 tables.go:223: сохранил 2:1:28
DEBUG: TIME: 2021/06/08 15:36:00 tables.go:145: Перекресток 2 1 36 имеет статистику
DEBUG: TIME: 2021/06/08 15:36:00 tables.go:178: Заполнил 2:1:36
DEBUG: TIME: 2021/06/08 15:36:00 tables.go:223: сохранил 2:1:36
DEBUG: TIME: 2021/06/08 15:36:00 tables.go:145: Перекресток 2 1 38 имеет статистику
DEBUG: TIME: 2021/06/08 15:36:00 tables.go:178: Заполнил 2:1:38
DEBUG: TIME: 2021/06/08 15:36:00 tables.go:223: сохранил 2:1:38
DEBUG: TIME: 2021/06/08 15:36:00 tables.go:145: Перекресток 2 1 21 имеет статистику
DEBUG: TIME: 2021/06/08 15:36:00 tables.go:178: Заполнил 2:1:21
DEBUG: TIME: 2021/06/08 15:36:00 tables.go:223: сохранил 2:1:21
DEBUG: TIME: 2021/06/08 15:36:00 tables.go:153: Перекресток 5 1 229 не имеет статистику
DEBUG: TIME: 2021/06/08 15:36:00 tables.go:153: Перекресток 5 2 84 не имеет статистику
DEBUG: TIME: 2021/06/08 15:36:00 tables.go:153: Перекресток 5 1 230 не имеет статистику
DEBUG: TIME: 2021/06/08 15:36:00 tables.go:153: Перекресток 5 1 164 не имеет статистику
DEBUG: TIME: 2021/06/08 15:36:00 tables.go:153: Перекресток 5 2 90 не имеет статистику
DEBUG: TIME: 2021/06/08 15:36:00 tables.go:153: Перекресток 5 1 227 не имеет статистику
DEBUG: TIME: 2021/06/08 15:36:00 tables.go:153: Перекресток 5 1 31 не имеет статистику
DEBUG: TIME: 2021/06/08 15:36:00 tables.go:153: Перекресток 5 2 62 не имеет статистику
DEBUG: TIME: 2021/06/08 15:36:00 tables.go:153: Перекресток 5 2 171 не имеет статистику
DEBUG: TIME: 2021/06/08 15:36:00 tables.go:153: Перекресток 5 1 108 не имеет статистику
DEBUG: TIME: 2021/06/08 15:36:00 tables.go:153: Перекресток 5 2 60 не имеет статистику
DEBUG: TIME: 2021/06/08 15:36:00 tables.go:153: Перекресток 5 2 76 не имеет статистику
DEBUG: TIME: 2021/06/08 15:36:00 tables.go:145: Перекресток 1 2 81 имеет статистику
INFO: TIME: 2021/06/08 15:36:29 Start ag-server work...
INFO: TIME: 2021/06/08 15:36:29 Модуль управления по характерным старт... 
INFO: TIME: 2021/06/08 15:36:43 makeTable start
DEBUG: TIME: 2021/06/08 15:37:04 tables.go:153: Перекресток 5 1 6 не имеет статистику
DEBUG: TIME: 2021/06/08 15:37:11 tables.go:153: Перекресток 5 1 102 не имеет статистику
DEBUG: TIME: 2021/06/08 15:37:18 tables.go:145: Перекресток 2 1 23 имеет статистику
DEBUG: TIME: 2021/06/08 15:37:18 tables.go:178: Заполнил 2:1:23
DEBUG: TIME: 2021/06/08 15:37:20 tables.go:223: сохранил 2:1:23
DEBUG: TIME: 2021/06/08 15:37:25 tables.go:145: Перекресток 2 1 30 имеет статистику
DEBUG: TIME: 2021/06/08 15:37:25 tables.go:178: Заполнил 2:1:30
DEBUG: TIME: 2021/06/08 15:37:28 tables.go:223: сохранил 2:1:30
INFO: TIME: 2021/06/08 15:37:57 Start ag-server work...
INFO: TIME: 2021/06/08 15:37:57 Модуль управления по характерным старт... 
INFO: TIME: 2021/06/08 15:38:02 makeTable start
DEBUG: TIME: 2021/06/08 15:38:02 tables.go:153: Перекресток 5 1 6 не имеет статистику
DEBUG: TIME: 2021/06/08 15:38:02 tables.go:153: Перекресток 5 1 102 не имеет статистику
DEBUG: TIME: 2021/06/08 15:38:02 tables.go:145: Перекресток 2 1 23 имеет статистику
DEBUG: TIME: 2021/06/08 15:38:02 tables.go:178: Заполнил 2:1:23
DEBUG: TIME: 2021/06/08 15:38:02 tables.go:223: сохранил 2:1:23
DEBUG: TIME: 2021/06/08 15:38:02 tables.go:145: Перекресток 2 1 30 имеет статистику
DEBUG: TIME: 2021/06/08 15:38:02 tables.go:178: Заполнил 2:1:30
DEBUG: TIME: 2021/06/08 15:38:02 tables.go:223: сохранил 2:1:30
DEBUG: TIME: 2021/06/08 15:38:02 tables.go:153: Перекресток 5 1 194 не имеет статистику
DEBUG: TIME: 2021/06/08 15:38:02 tables.go:153: Перекресток 5 1 228 не имеет статистику
DEBUG: TIME: 2021/06/08 15:38:02 tables.go:145: Перекресток 2 1 24 имеет статистику
DEBUG: TIME: 2021/06/08 15:38:02 tables.go:178: Заполнил 2:1:24
DEBUG: TIME: 2021/06/08 15:38:02 tables.go:223: сохранил 2:1:24
DEBUG: TIME: 2021/06/08 15:38:02 tables.go:145: Перекресток 2 1 33 имеет статистику
DEBUG: TIME: 2021/06/08 15:38:02 tables.go:178: Заполнил 2:1:33
DEBUG: TIME: 2021/06/08 15:38:02 tables.go:223: сохранил 2:1:33
DEBUG: TIME: 2021/06/08 15:38:02 tables.go:145: Перекресток 2 1 41 имеет статистику
DEBUG: TIME: 2021/06/08 15:38:02 tables.go:178: Заполнил 2:1:41
DEBUG: TIME: 2021/06/08 15:38:02 tables.go:223: сохранил 2:1:41
DEBUG: TIME: 2021/06/08 15:38:02 tables.go:145: Перекресток 2 1 26 имеет статистику
DEBUG: TIME: 2021/06/08 15:38:02 tables.go:178: Заполнил 2:1:26
DEBUG: TIME: 2021/06/08 15:38:02 tables.go:223: сохранил 2:1:26
DEBUG: TIME: 2021/06/08 15:38:02 tables.go:145: Перекресток 2 1 31 имеет статистику
DEBUG: TIME: 2021/06/08 15:38:02 tables.go:178: Заполнил 2:1:31
DEBUG: TIME: 2021/06/08 15:38:02 tables.go:223: сохранил 2:1:31
DEBUG: TIME: 2021/06/08 15:38:02 tables.go:145: Перекресток 2 1 39 имеет статистику
DEBUG: TIME: 2021/06/08 15:38:02 tables.go:178: Заполнил 2:1:39
DEBUG: TIME: 2021/06/08 15:38:02 tables.go:223: сохранил 2:1:39
DEBUG: TIME: 2021/06/08 15:38:02 tables.go:145: Перекресток 2 1 22 имеет статистику
DEBUG: TIME: 2021/06/08 15:38:02 tables.go:178: Заполнил 2:1:22
DEBUG: TIME: 2021/06/08 15:38:02 tables.go:223: сохранил 2:1:22
DEBUG: TIME: 2021/06/08 15:38:02 tables.go:145: Перекресток 2 1 27 имеет статистику
DEBUG: TIME: 2021/06/08 15:38:02 tables.go:178: Заполнил 2:1:27
DEBUG: TIME: 2021/06/08 15:38:02 tables.go:223: сохранил 2:1:27
DEBUG: TIME: 2021/06/08 15:38:02 tables.go:145: Перекресток 2 1 35 имеет статистику
DEBUG: TIME: 2021/06/08 15:38:02 tables.go:178: Заполнил 2:1:35
DEBUG: TIME: 2021/06/08 15:38:02 tables.go:223: сохранил 2:1:35
DEBUG: TIME: 2021/06/08 15:38:02 tables.go:145: Перекресток 2 1 28 имеет статистику
DEBUG: TIME: 2021/06/08 15:38:02 tables.go:178: Заполнил 2:1:28
DEBUG: TIME: 2021/06/08 15:38:02 tables.go:223: сохранил 2:1:28
DEBUG: TIME: 2021/06/08 15:38:02 tables.go:145: Перекресток 2 1 36 имеет статистику
DEBUG: TIME: 2021/06/08 15:38:02 tables.go:178: Заполнил 2:1:36
DEBUG: TIME: 2021/06/08 15:38:02 tables.go:223: сохранил 2:1:36
DEBUG: TIME: 2021/06/08 15:38:02 tables.go:145: Перекресток 2 1 38 имеет статистику
DEBUG: TIME: 2021/06/08 15:38:02 tables.go:178: Заполнил 2:1:38
DEBUG: TIME: 2021/06/08 15:38:02 tables.go:223: сохранил 2:1:38
DEBUG: TIME: 2021/06/08 15:38:02 tables.go:145: Перекресток 2 1 21 имеет статистику
DEBUG: TIME: 2021/06/08 15:38:02 tables.go:178: Заполнил 2:1:21
DEBUG: TIME: 2021/06/08 15:38:02 tables.go:223: сохранил 2:1:21
DEBUG: TIME: 2021/06/08 15:38:02 tables.go:153: Перекресток 5 1 229 не имеет статистику
DEBUG: TIME: 2021/06/08 15:38:02 tables.go:153: Перекресток 5 2 84 не имеет статистику
DEBUG: TIME: 2021/06/08 15:38:02 tables.go:153: Перекресток 5 1 230 не имеет статистику
DEBUG: TIME: 2021/06/08 15:38:02 tables.go:153: Перекресток 5 1 164 не имеет статистику
DEBUG: TIME: 2021/06/08 15:38:02 tables.go:153: Перекресток 5 2 90 не имеет статистику
DEBUG: TIME: 2021/06/08 15:38:02 tables.go:153: Перекресток 5 1 227 не имеет статистику
DEBUG: TIME: 2021/06/08 15:38:02 tables.go:153: Перекресток 5 1 31 не имеет статистику
DEBUG: TIME: 2021/06/08 15:38:02 tables.go:153: Перекресток 5 2 62 не имеет статистику
DEBUG: TIME: 2021/06/08 15:38:02 tables.go:153: Перекресток 5 2 171 не имеет статистику
DEBUG: TIME: 2021/06/08 15:38:02 tables.go:153: Перекресток 5 1 108 не имеет статистику
DEBUG: TIME: 2021/06/08 15:38:02 tables.go:153: Перекресток 5 2 60 не имеет статистику
DEBUG: TIME: 2021/06/08 15:38:02 tables.go:153: Перекресток 5 2 76 не имеет статистику
DEBUG: TIME: 2021/06/08 15:38:02 tables.go:145: Перекресток 1 2 81 имеет статистику
INFO: TIME: 2021/06/08 15:39:18 Start ag-server work...
INFO: TIME: 2021/06/08 15:39:18 Модуль управления по характерным старт... 
INFO: TIME: 2021/06/08 15:39:22 makeTable start
DEBUG: TIME: 2021/06/08 15:39:22 tables.go:153: Перекресток 5 1 6 не имеет статистику
DEBUG: TIME: 2021/06/08 15:39:22 tables.go:153: Перекресток 5 1 102 не имеет статистику
DEBUG: TIME: 2021/06/08 15:39:22 tables.go:145: Перекресток 2 1 23 имеет статистику
DEBUG: TIME: 2021/06/08 15:39:22 tables.go:178: Заполнил 2:1:23
DEBUG: TIME: 2021/06/08 15:39:27 tables.go:223: сохранил 2:1:23
DEBUG: TIME: 2021/06/08 15:39:27 tables.go:145: Перекресток 2 1 30 имеет статистику
DEBUG: TIME: 2021/06/08 15:39:27 tables.go:178: Заполнил 2:1:30
DEBUG: TIME: 2021/06/08 15:39:29 tables.go:223: сохранил 2:1:30
DEBUG: TIME: 2021/06/08 15:39:29 tables.go:153: Перекресток 5 1 194 не имеет статистику
DEBUG: TIME: 2021/06/08 15:39:29 tables.go:153: Перекресток 5 1 228 не имеет статистику
DEBUG: TIME: 2021/06/08 15:39:29 tables.go:145: Перекресток 2 1 24 имеет статистику
DEBUG: TIME: 2021/06/08 15:39:29 tables.go:178: Заполнил 2:1:24
DEBUG: TIME: 2021/06/08 15:39:31 tables.go:223: сохранил 2:1:24
DEBUG: TIME: 2021/06/08 15:39:31 tables.go:145: Перекресток 2 1 33 имеет статистику
DEBUG: TIME: 2021/06/08 15:39:31 tables.go:178: Заполнил 2:1:33
DEBUG: TIME: 2021/06/08 15:39:34 tables.go:223: сохранил 2:1:33
DEBUG: TIME: 2021/06/08 15:39:34 tables.go:145: Перекресток 2 1 41 имеет статистику
DEBUG: TIME: 2021/06/08 15:39:34 tables.go:178: Заполнил 2:1:41
DEBUG: TIME: 2021/06/08 15:39:46 tables.go:223: сохранил 2:1:41
DEBUG: TIME: 2021/06/08 15:39:46 tables.go:145: Перекресток 2 1 26 имеет статистику
DEBUG: TIME: 2021/06/08 15:39:46 tables.go:178: Заполнил 2:1:26
DEBUG: TIME: 2021/06/08 15:39:48 tables.go:223: сохранил 2:1:26
DEBUG: TIME: 2021/06/08 15:39:48 tables.go:145: Перекресток 2 1 31 имеет статистику
DEBUG: TIME: 2021/06/08 15:39:48 tables.go:178: Заполнил 2:1:31
DEBUG: TIME: 2021/06/08 15:39:53 tables.go:223: сохранил 2:1:31
DEBUG: TIME: 2021/06/08 15:39:53 tables.go:145: Перекресток 2 1 39 имеет статистику
DEBUG: TIME: 2021/06/08 15:39:53 tables.go:178: Заполнил 2:1:39
DEBUG: TIME: 2021/06/08 15:39:55 tables.go:223: сохранил 2:1:39
DEBUG: TIME: 2021/06/08 15:39:55 tables.go:145: Перекресток 2 1 22 имеет статистику
DEBUG: TIME: 2021/06/08 15:39:55 tables.go:178: Заполнил 2:1:22
DEBUG: TIME: 2021/06/08 15:39:59 tables.go:223: сохранил 2:1:22
DEBUG: TIME: 2021/06/08 15:39:59 tables.go:145: Перекресток 2 1 27 имеет статистику
DEBUG: TIME: 2021/06/08 15:39:59 tables.go:178: Заполнил 2:1:27
DEBUG: TIME: 2021/06/08 15:40:00 tables.go:223: сохранил 2:1:27
DEBUG: TIME: 2021/06/08 15:40:00 tables.go:145: Перекресток 2 1 35 имеет статистику
DEBUG: TIME: 2021/06/08 15:40:00 tables.go:178: Заполнил 2:1:35
DEBUG: TIME: 2021/06/08 15:40:04 tables.go:223: сохранил 2:1:35
DEBUG: TIME: 2021/06/08 15:40:04 tables.go:145: Перекресток 2 1 28 имеет статистику
DEBUG: TIME: 2021/06/08 15:40:04 tables.go:178: Заполнил 2:1:28
DEBUG: TIME: 2021/06/08 15:40:06 tables.go:223: сохранил 2:1:28
DEBUG: TIME: 2021/06/08 15:40:06 tables.go:145: Перекресток 2 1 36 имеет статистику
DEBUG: TIME: 2021/06/08 15:40:06 tables.go:178: Заполнил 2:1:36
DEBUG: TIME: 2021/06/08 15:40:07 tables.go:223: сохранил 2:1:36
DEBUG: TIME: 2021/06/08 15:40:07 tables.go:145: Перекресток 2 1 38 имеет статистику
DEBUG: TIME: 2021/06/08 15:40:07 tables.go:178: Заполнил 2:1:38
DEBUG: TIME: 2021/06/08 15:40:07 tables.go:223: сохранил 2:1:38
DEBUG: TIME: 2021/06/08 15:40:07 tables.go:145: Перекресток 2 1 21 имеет статистику
DEBUG: TIME: 2021/06/08 15:40:07 tables.go:178: Заполнил 2:1:21
DEBUG: TIME: 2021/06/08 15:40:08 tables.go:223: сохранил 2:1:21
DEBUG: TIME: 2021/06/08 15:40:08 tables.go:153: Перекресток 5 1 229 не имеет статистику
DEBUG: TIME: 2021/06/08 15:40:08 tables.go:153: Перекресток 5 2 84 не имеет статистику
DEBUG: TIME: 2021/06/08 15:40:08 tables.go:153: Перекресток 5 1 230 не имеет статистику
DEBUG: TIME: 2021/06/08 15:40:08 tables.go:153: Перекресток 5 1 164 не имеет статистику
DEBUG: TIME: 2021/06/08 15:40:08 tables.go:153: Перекресток 5 2 90 не имеет статистику
DEBUG: TIME: 2021/06/08 15:40:08 tables.go:153: Перекресток 5 1 227 не имеет статистику
DEBUG: TIME: 2021/06/08 15:40:08 tables.go:153: Перекресток 5 1 31 не имеет статистику
DEBUG: TIME: 2021/06/08 15:40:08 tables.go:153: Перекресток 5 2 62 не имеет статистику
DEBUG: TIME: 2021/06/08 15:40:08 tables.go:153: Перекресток 5 2 171 не имеет статистику
DEBUG: TIME: 2021/06/08 15:40:08 tables.go:153: Перекресток 5 1 108 не имеет статистику
DEBUG: TIME: 2021/06/08 15:40:08 tables.go:153: Перекресток 5 2 60 не имеет статистику
DEBUG: TIME: 2021/06/08 15:40:08 tables.go:153: Перекресток 5 2 76 не имеет статистику
DEBUG: TIME: 2021/06/08 15:40:08 tables.go:145: Перекресток 1 2 81 имеет статистику
INFO: TIME: 2021/06/08 15:41:27 Start ag-server work...
INFO: TIME: 2021/06/08 15:41:27 Модуль управления по характерным старт... 
INFO: TIME: 2021/06/08 15:41:31 makeTable start
DEBUG: TIME: 2021/06/08 15:41:31 tables.go:153: Перекресток 5 1 6 не имеет статистику
DEBUG: TIME: 2021/06/08 15:41:31 tables.go:153: Перекресток 5 1 102 не имеет статистику
DEBUG: TIME: 2021/06/08 15:41:40 tables.go:145: Перекресток 2 1 23 имеет статистику
DEBUG: TIME: 2021/06/08 15:41:40 tables.go:178: Заполнил 2:1:23
DEBUG: TIME: 2021/06/08 15:41:44 tables.go:223: сохранил 2:1:23
DEBUG: TIME: 2021/06/08 15:41:45 tables.go:145: Перекресток 2 1 30 имеет статистику
DEBUG: TIME: 2021/06/08 15:41:45 tables.go:178: Заполнил 2:1:30
DEBUG: TIME: 2021/06/08 15:41:45 tables.go:223: сохранил 2:1:30
DEBUG: TIME: 2021/06/08 15:41:45 tables.go:153: Перекресток 5 1 194 не имеет статистику
DEBUG: TIME: 2021/06/08 15:41:45 tables.go:153: Перекресток 5 1 228 не имеет статистику
DEBUG: TIME: 2021/06/08 15:41:46 tables.go:145: Перекресток 2 1 24 имеет статистику
DEBUG: TIME: 2021/06/08 15:41:46 tables.go:178: Заполнил 2:1:24
DEBUG: TIME: 2021/06/08 15:41:46 tables.go:223: сохранил 2:1:24
DEBUG: TIME: 2021/06/08 15:41:47 tables.go:145: Перекресток 2 1 33 имеет статистику
DEBUG: TIME: 2021/06/08 15:41:47 tables.go:178: Заполнил 2:1:33
DEBUG: TIME: 2021/06/08 15:41:47 tables.go:223: сохранил 2:1:33
DEBUG: TIME: 2021/06/08 15:41:48 tables.go:145: Перекресток 2 1 41 имеет статистику
DEBUG: TIME: 2021/06/08 15:41:48 tables.go:178: Заполнил 2:1:41
DEBUG: TIME: 2021/06/08 15:41:48 tables.go:223: сохранил 2:1:41
DEBUG: TIME: 2021/06/08 15:41:49 tables.go:145: Перекресток 2 1 26 имеет статистику
DEBUG: TIME: 2021/06/08 15:41:49 tables.go:178: Заполнил 2:1:26
DEBUG: TIME: 2021/06/08 15:41:49 tables.go:223: сохранил 2:1:26
DEBUG: TIME: 2021/06/08 15:41:50 tables.go:145: Перекресток 2 1 31 имеет статистику
DEBUG: TIME: 2021/06/08 15:41:50 tables.go:178: Заполнил 2:1:31
DEBUG: TIME: 2021/06/08 15:41:50 tables.go:223: сохранил 2:1:31
DEBUG: TIME: 2021/06/08 15:41:50 tables.go:145: Перекресток 2 1 39 имеет статистику
DEBUG: TIME: 2021/06/08 15:41:50 tables.go:178: Заполнил 2:1:39
DEBUG: TIME: 2021/06/08 15:41:50 tables.go:223: сохранил 2:1:39
DEBUG: TIME: 2021/06/08 15:41:51 tables.go:145: Перекресток 2 1 22 имеет статистику
DEBUG: TIME: 2021/06/08 15:41:51 tables.go:178: Заполнил 2:1:22
DEBUG: TIME: 2021/06/08 15:41:51 tables.go:223: сохранил 2:1:22
DEBUG: TIME: 2021/06/08 15:41:52 tables.go:145: Перекресток 2 1 27 имеет статистику
DEBUG: TIME: 2021/06/08 15:41:52 tables.go:178: Заполнил 2:1:27
DEBUG: TIME: 2021/06/08 15:41:52 tables.go:223: сохранил 2:1:27
DEBUG: TIME: 2021/06/08 15:41:53 tables.go:145: Перекресток 2 1 35 имеет статистику
DEBUG: TIME: 2021/06/08 15:41:53 tables.go:178: Заполнил 2:1:35
DEBUG: TIME: 2021/06/08 15:41:53 tables.go:223: сохранил 2:1:35
DEBUG: TIME: 2021/06/08 15:41:54 tables.go:145: Перекресток 2 1 28 имеет статистику
DEBUG: TIME: 2021/06/08 15:41:54 tables.go:178: Заполнил 2:1:28
DEBUG: TIME: 2021/06/08 15:41:54 tables.go:223: сохранил 2:1:28
DEBUG: TIME: 2021/06/08 15:41:55 tables.go:145: Перекресток 2 1 36 имеет статистику
DEBUG: TIME: 2021/06/08 15:41:55 tables.go:178: Заполнил 2:1:36
DEBUG: TIME: 2021/06/08 15:41:55 tables.go:223: сохранил 2:1:36
DEBUG: TIME: 2021/06/08 15:41:56 tables.go:145: Перекресток 2 1 38 имеет статистику
DEBUG: TIME: 2021/06/08 15:41:56 tables.go:178: Заполнил 2:1:38
DEBUG: TIME: 2021/06/08 15:41:56 tables.go:223: сохранил 2:1:38
DEBUG: TIME: 2021/06/08 15:41:57 tables.go:145: Перекресток 2 1 21 имеет статистику
DEBUG: TIME: 2021/06/08 15:41:57 tables.go:178: Заполнил 2:1:21
DEBUG: TIME: 2021/06/08 15:41:57 tables.go:223: сохранил 2:1:21
DEBUG: TIME: 2021/06/08 15:41:57 tables.go:153: Перекресток 5 1 229 не имеет статистику
DEBUG: TIME: 2021/06/08 15:41:57 tables.go:153: Перекресток 5 2 84 не имеет статистику
DEBUG: TIME: 2021/06/08 15:41:57 tables.go:153: Перекресток 5 1 230 не имеет статистику
DEBUG: TIME: 2021/06/08 15:41:57 tables.go:153: Перекресток 5 1 164 не имеет статистику
DEBUG: TIME: 2021/06/08 15:41:57 tables.go:153: Перекресток 5 2 90 не имеет статистику
DEBUG: TIME: 2021/06/08 15:41:57 tables.go:153: Перекресток 5 1 227 не имеет статистику
DEBUG: TIME: 2021/06/08 15:41:57 tables.go:153: Перекресток 5 1 31 не имеет статистику
DEBUG: TIME: 2021/06/08 15:41:57 tables.go:153: Перекресток 5 2 62 не имеет статистику
DEBUG: TIME: 2021/06/08 15:41:57 tables.go:153: Перекресток 5 2 171 не имеет статистику
DEBUG: TIME: 2021/06/08 15:41:57 tables.go:153: Перекресток 5 1 108 не имеет статистику
DEBUG: TIME: 2021/06/08 15:41:57 tables.go:153: Перекресток 5 2 60 не имеет статистику
DEBUG: TIME: 2021/06/08 15:41:58 tables.go:153: Перекресток 5 2 76 не имеет статистику
DEBUG: TIME: 2021/06/08 15:42:06 tables.go:145: Перекресток 1 2 81 имеет статистику
